INFO: [VRFC 10-2263] Analyzing SystemVerilog file "C:/Users/sarun/Documents/RV32IM/RV32IM_Vivado/RV32IM_Vivado.srcs/sources_1/new/ALU.sv" into library xil_defaultlib
INFO: [VRFC 10-311] analyzing module ALU
INFO: [VRFC 10-2263] Analyzing SystemVerilog file "C:/Users/sarun/Documents/RV32IM/RV32IM_Vivado/RV32IM_Vivado.srcs/sources_1/new/BSplitter.sv" into library xil_defaultlib
INFO: [VRFC 10-311] analyzing module BSplitter
INFO: [VRFC 10-2263] Analyzing SystemVerilog file "C:/Users/sarun/Documents/RV32IM/RV32IM_Vivado/RV32IM_Vivado.srcs/sources_1/new/Booth4.sv" into library xil_defaultlib
INFO: [VRFC 10-311] analyzing module Booth4
INFO: [VRFC 10-2263] Analyzing SystemVerilog file "C:/Users/sarun/Documents/RV32IM/RV32IM_Vivado/RV32IM_Vivado.srcs/sources_1/new/BranchControl.sv" into library xil_defaultlib
INFO: [VRFC 10-311] analyzing module BranchControl
INFO: [VRFC 10-2263] Analyzing SystemVerilog file "C:/Users/sarun/Documents/RV32IM/RV32IM_Vivado/RV32IM_Vivado.srcs/sources_1/new/ControlLogic.sv" into library xil_defaultlib
INFO: [VRFC 10-311] analyzing module ControlLogic
INFO: [VRFC 10-2263] Analyzing SystemVerilog file "C:/Users/sarun/Documents/RV32IM/RV32IM_Vivado/RV32IM_Vivado.srcs/sources_1/new/DataMemory.sv" into library xil_defaultlib
INFO: [VRFC 10-311] analyzing module DataMemory
INFO: [VRFC 10-2263] Analyzing SystemVerilog file "C:/Users/sarun/Documents/RV32IM/RV32IM_Vivado/RV32IM_Vivado.srcs/sources_1/new/Datapath.sv" into library xil_defaultlib
INFO: [VRFC 10-311] analyzing module Datapath
INFO: [VRFC 10-2263] Analyzing SystemVerilog file "C:/Users/sarun/Documents/RV32IM/RV32IM_Vivado/RV32IM_Vivado.srcs/sources_1/new/ISplitter.sv" into library xil_defaultlib
INFO: [VRFC 10-311] analyzing module ISplitter
INFO: [VRFC 10-2263] Analyzing SystemVerilog file "C:/Users/sarun/Documents/RV32IM/RV32IM_Vivado/RV32IM_Vivado.srcs/sources_1/new/ImmediateGenerator.sv" into library xil_defaultlib
INFO: [VRFC 10-311] analyzing module ImmediateGenerator
INFO: [VRFC 10-2263] Analyzing SystemVerilog file "C:/Users/sarun/Documents/RV32IM/RV32IM_Vivado/RV32IM_Vivado.srcs/sources_1/new/InstructionMemory.sv" into library xil_defaultlib
INFO: [VRFC 10-311] analyzing module InstructionMemory
INFO: [VRFC 10-2263] Analyzing SystemVerilog file "C:/Users/sarun/Documents/RV32IM/RV32IM_Vivado/RV32IM_Vivado.srcs/sources_1/new/JSplitter.sv" into library xil_defaultlib
INFO: [VRFC 10-311] analyzing module JSplitter
INFO: [VRFC 10-2263] Analyzing SystemVerilog file "C:/Users/sarun/Documents/RV32IM/RV32IM_Vivado/RV32IM_Vivado.srcs/sources_1/new/LeadingZeroCounter.sv" into library xil_defaultlib
INFO: [VRFC 10-311] analyzing module LeadingZeroCounter
INFO: [VRFC 10-2263] Analyzing SystemVerilog file "C:/Users/sarun/Documents/RV32IM/RV32IM_Vivado/RV32IM_Vivado.srcs/sources_1/new/LoadControl.sv" into library xil_defaultlib
INFO: [VRFC 10-311] analyzing module LoadControl
INFO: [VRFC 10-2263] Analyzing SystemVerilog file "C:/Users/sarun/Documents/RV32IM/RV32IM_Vivado/RV32IM_Vivado.srcs/sources_1/new/ProgramCounter.sv" into library xil_defaultlib
INFO: [VRFC 10-311] analyzing module ProgramCounter
INFO: [VRFC 10-2263] Analyzing SystemVerilog file "C:/Users/sarun/Documents/RV32IM/RV32IM_Vivado/RV32IM_Vivado.srcs/sources_1/new/RegisterFile.sv" into library xil_defaultlib
INFO: [VRFC 10-311] analyzing module RegisterFile
INFO: [VRFC 10-2263] Analyzing SystemVerilog file "C:/Users/sarun/Documents/RV32IM/RV32IM_Vivado/RV32IM_Vivado.srcs/sources_1/new/SRT2.sv" into library xil_defaultlib
INFO: [VRFC 10-311] analyzing module SRT2
INFO: [VRFC 10-2263] Analyzing SystemVerilog file "C:/Users/sarun/Documents/RV32IM/RV32IM_Vivado/RV32IM_Vivado.srcs/sources_1/new/SSplitter.sv" into library xil_defaultlib
INFO: [VRFC 10-311] analyzing module SSplitter
INFO: [VRFC 10-2263] Analyzing SystemVerilog file "C:/Users/sarun/Documents/RV32IM/RV32IM_Vivado/RV32IM_Vivado.srcs/sources_1/new/StoreControl.sv" into library xil_defaultlib
INFO: [VRFC 10-311] analyzing module StoreControl
INFO: [VRFC 10-2263] Analyzing SystemVerilog file "C:/Users/sarun/Documents/RV32IM/RV32IM_Vivado/RV32IM_Vivado.srcs/sources_1/new/USplitter.sv" into library xil_defaultlib
INFO: [VRFC 10-311] analyzing module USplitter
INFO: [VRFC 10-2263] Analyzing SystemVerilog file "C:/Users/sarun/Documents/RV32IM/RV32IM_Vivado/RV32IM_Vivado.srcs/sim_1/new/Datapath_tb.sv" into library xil_defaultlib
INFO: [VRFC 10-311] analyzing module Datapath_tb
