
*** Running vivado
    with args -log ila_0.vds -m64 -product Vivado -mode batch -messageDb vivado.pb -notrace -source ila_0.tcl



****** Vivado v2024.2 (64-bit)
  **** SW Build 5239630 on Fri Nov 08 22:35:27 MST 2024
  **** IP Build 5239520 on Sun Nov 10 16:12:51 MST 2024
  **** SharedData Build 5239561 on Fri Nov 08 14:39:27 MST 2024
  **** Start of session at: Mon Jul  7 20:22:39 2025
    ** Copyright 1986-2022 Xilinx, Inc. All Rights Reserved.
    ** Copyright 2022-2024 Advanced Micro Devices, Inc. All Rights Reserved.

Sourcing tcl script 'C:/Users/sarun/AppData/Roaming/Xilinx/Vivado/Vivado_init.tcl'
source ila_0.tcl -notrace
INFO: [IP_Flow 19-6924] IPCACHE: Running cache check for IP inst: ila_0
INFO: [IP_Flow 19-6922] IPCACHE: Exporting cached entry e362cb1372666185 to dir: C:/Users/sarun/Documents/RV32IM/RV32IM_Vivado/RV32IM_Vivado.runs/ila_0_synth_1
INFO: [IP_Flow 19-6928] IPCACHE: copied cached file c:/Users/sarun/Documents/RV32IM/RV32IM_Vivado/RV32IM_Vivado.cache/ip/2024.2/e/3/e362cb1372666185/ila_0.dcp to C:/Users/sarun/Documents/RV32IM/RV32IM_Vivado/RV32IM_Vivado.runs/ila_0_synth_1/ila_0.dcp.
INFO: [IP_Flow 19-6928] IPCACHE: copied cached file c:/Users/sarun/Documents/RV32IM/RV32IM_Vivado/RV32IM_Vivado.cache/ip/2024.2/e/3/e362cb1372666185/ila_0_sim_netlist.v to C:/Users/sarun/Documents/RV32IM/RV32IM_Vivado/RV32IM_Vivado.runs/ila_0_synth_1/ila_0_sim_netlist.v.
INFO: [IP_Flow 19-6928] IPCACHE: copied cached file c:/Users/sarun/Documents/RV32IM/RV32IM_Vivado/RV32IM_Vivado.cache/ip/2024.2/e/3/e362cb1372666185/ila_0_sim_netlist.vhdl to C:/Users/sarun/Documents/RV32IM/RV32IM_Vivado/RV32IM_Vivado.runs/ila_0_synth_1/ila_0_sim_netlist.vhdl.
INFO: [IP_Flow 19-6928] IPCACHE: copied cached file c:/Users/sarun/Documents/RV32IM/RV32IM_Vivado/RV32IM_Vivado.cache/ip/2024.2/e/3/e362cb1372666185/ila_0_stub.v to C:/Users/sarun/Documents/RV32IM/RV32IM_Vivado/RV32IM_Vivado.runs/ila_0_synth_1/ila_0_stub.v.
INFO: [IP_Flow 19-6928] IPCACHE: copied cached file c:/Users/sarun/Documents/RV32IM/RV32IM_Vivado/RV32IM_Vivado.cache/ip/2024.2/e/3/e362cb1372666185/ila_0_stub.vhdl to C:/Users/sarun/Documents/RV32IM/RV32IM_Vivado/RV32IM_Vivado.runs/ila_0_synth_1/ila_0_stub.vhdl.
INFO: [IP_Flow 19-4838] Using cached IP synthesis design for IP ila_0, cache-ID = e362cb1372666185.
config_ip_cache: Time (s): cpu = 00:00:06 ; elapsed = 00:00:06 . Memory (MB): peak = 432.387 ; gain = 0.000
INFO: [Common 17-206] Exiting Vivado at Mon Jul  7 20:22:50 2025...
